<?xml version="1.0" encoding="UTF-8"?>
<!-- Generated by org.testng.reporters.JUnitXMLReporter -->
<testsuite ignored="1" hostname="Ajay" failures="0" tests="8" name="Segment1" time="67.589" errors="0" timestamp="2023-03-28T12:32:48 IST">
  <testcase classname="com.trello.qspiders.learntestng.UsageOfBeforeAndAfterMethod" name="testcase" time="5.129"/>
  <testcase classname="com.trello.qspiders.learntestng.DisableTestCaseFromExecution" name="watermelonTest" time="0.003"/>
  <testcase classname="com.trello.qspiders.learntestng.DisableTestCaseFromExecution" name="mangoTest" time="0.002"/>
  <testcase classname="com.trello.qspiders.learntestng.DisableTestCaseFromExecution" name="mangoTest" time="0.002"/>
  <testcase classname="com.trello.qspiders.learntestng.DisableTestCaseFromExecution" name="mangoTest" time="0.001"/>
  <testcase classname="com.trello.qspiders.learntestng.DisableTestCaseFromExecution" name="bananaTest" time="0.002"/>
  <testcase classname="com.trello.qspiders.learntestng.DisableTestCaseFromExecution" name="grapesTest" time="0.002"/>
  <testcase classname="com.trello.qspiders.learntestng.DisableTestCaseFromExecution" name="orangeTest" time="0.004"/>
  <testcase classname="com.trello.qspiders.learntestng.DisableTestCaseFromExecution" name="appleTest" time="0.0">
    <ignored/>
  </testcase> <!-- appleTest -->
</testsuite> <!-- Segment1 -->
