<?xml version="1.0" encoding="UTF-8"?>
<!-- Generated by org.testng.reporters.JUnitXMLReporter -->
<testsuite ignored="0" hostname="Ajay" failures="0" tests="10" name="Segment2" time="0.335" errors="0" timestamp="2023-03-28T12:31:41 IST">
  <testcase classname="com.trello.qspiders.learntestng.WhatIfMultipleTestAnnotationsINTheClass" name="apple" time="0.049"/>
  <testcase classname="com.trello.qspiders.learntestng.WhatIfMultipleTestAnnotationsINTheClass" name="banana" time="0.028"/>
  <testcase classname="com.trello.qspiders.learntestng.WhatIfMultipleTestAnnotationsINTheClass" name="grapes" time="0.004"/>
  <testcase classname="com.trello.qspiders.learntestng.WhatIfMultipleTestAnnotationsINTheClass" name="mango" time="0.008"/>
  <testcase classname="com.trello.qspiders.learntestng.WhatIfMultipleTestAnnotationsINTheClass" name="watermellon" time="0.006"/>
  <testcase classname="com.trello.qspiders.learntestng.UserDefinedOrder" name="banana" time="0.003"/>
  <testcase classname="com.trello.qspiders.learntestng.UserDefinedOrder" name="grapes" time="0.002"/>
  <testcase classname="com.trello.qspiders.learntestng.UserDefinedOrder" name="apple" time="0.004"/>
  <testcase classname="com.trello.qspiders.learntestng.UserDefinedOrder" name="mango" time="0.005"/>
  <testcase classname="com.trello.qspiders.learntestng.UserDefinedOrder" name="watermellon" time="0.005"/>
</testsuite> <!-- Segment2 -->
