<?xml version="1.0" encoding="UTF-8"?>
<!-- Generated by org.testng.reporters.JUnitXMLReporter -->
<testsuite ignored="1" hostname="Ajay" failures="0" tests="2" name="Test" time="0.178" errors="0" timestamp="2023-03-31T22:29:32 IST">
  <testcase classname="com.trello.qspiders.learntestng.GroupC" name="nameG" time="0.022"/>
  <testcase classname="com.trello.qspiders.learntestng.GroupC" name="nameI" time="0.001"/>
  <testcase classname="com.trello.qspiders.learntestng.GroupC" name="nameH" time="0.0">
    <ignored/>
  </testcase> <!-- nameH -->
</testsuite> <!-- Test -->
