<?xml version="1.0" encoding="UTF-8"?>
<testng-results ignored="0" total="1" passed="0" failed="1" skipped="0">
  <reporter-output>
  </reporter-output>
  <suite started-at="2023-04-27T20:21:00 IST" name="Default suite" finished-at="2023-04-27T20:22:26 IST" duration-ms="85402">
    <groups>
    </groups>
    <test started-at="2023-04-27T20:21:00 IST" name="Default test" finished-at="2023-04-27T20:22:26 IST" duration-ms="85402">
      <class name="com.trello.qspiders.trelloendtoend.EndtoEndPractice">
        <test-method is-config="true" signature="configBeforeMethod()[pri:0, instance:com.trello.qspiders.trelloendtoend.EndtoEndPractice@1bd4fdd]" started-at="2023-04-27T20:21:00 IST" name="configBeforeMethod" finished-at="2023-04-27T20:21:14 IST" duration-ms="13882" status="PASS">
          <reporter-output>
          </reporter-output>
        </test-method> <!-- configBeforeMethod -->
        <test-method is-config="true" signature="starting()[pri:0, instance:com.trello.qspiders.trelloendtoend.EndtoEndPractice@1bd4fdd]" started-at="2023-04-27T20:21:14 IST" name="starting" finished-at="2023-04-27T20:21:29 IST" duration-ms="15170" status="PASS">
          <reporter-output>
          </reporter-output>
        </test-method> <!-- starting -->
        <test-method signature="UserCreatedBoardPage()[pri:0, instance:com.trello.qspiders.trelloendtoend.EndtoEndPractice@1bd4fdd]" started-at="2023-04-27T20:21:29 IST" name="UserCreatedBoardPage" finished-at="2023-04-27T20:22:01 IST" duration-ms="31526" status="FAIL">
          <exception class="org.openqa.selenium.NoSuchElementException">
            <message>
              <![CDATA[no such element: Unable to locate element: {"method":"xpath","selector":"//h2[text()='Java']/../..//div[@class="list-cards u-fancy-scrollbar u-clearfix js-list-cards js-sortable ui-sortable"]"}
  (Session info: chrome=112.0.5615.138)
For documentation on this error, please visit: https://selenium.dev/exceptions/#no_such_element
Build info: version: '4.8.3', revision: 'e5e76298c3'
System info: os.name: 'Windows 10', os.arch: 'amd64', os.version: '10.0', java.version: '18.0.2.1'
Driver info: org.openqa.selenium.chrome.ChromeDriver
Command: [bbb24f524e4275de002e659db77d4e7b, findElement {using=xpath, value=//h2[text()='Java']/../..//div[@class="list-cards u-fancy-scrollbar u-clearfix js-list-cards js-sortable ui-sortable"]}]
Capabilities {acceptInsecureCerts: false, browserName: chrome, browserVersion: 112.0.5615.138, chrome: {chromedriverVersion: 112.0.5615.49 (bd2a7bcb881c..., userDataDir: C:\Users\AJAYBO~1\AppData\L...}, goog:chromeOptions: {debuggerAddress: localhost:57630}, networkConnectionEnabled: false, pageLoadStrategy: normal, platformName: WINDOWS, proxy: Proxy(), se:cdp: ws://localhost:57630/devtoo..., se:cdpVersion: 112.0.5615.138, setWindowRect: true, strictFileInteractability: false, timeouts: {implicit: 0, pageLoad: 300000, script: 30000}, unhandledPromptBehavior: dismiss and notify, webauthn:extension:credBlob: true, webauthn:extension:largeBlob: true, webauthn:extension:minPinLength: true, webauthn:extension:prf: true, webauthn:virtualAuthenticators: true}
Session ID: bbb24f524e4275de002e659db77d4e7b]]>
            </message>
            <full-stacktrace>
              <![CDATA[org.openqa.selenium.NoSuchElementException: no such element: Unable to locate element: {"method":"xpath","selector":"//h2[text()='Java']/../..//div[@class="list-cards u-fancy-scrollbar u-clearfix js-list-cards js-sortable ui-sortable"]"}
  (Session info: chrome=112.0.5615.138)
For documentation on this error, please visit: https://selenium.dev/exceptions/#no_such_element
Build info: version: '4.8.3', revision: 'e5e76298c3'
System info: os.name: 'Windows 10', os.arch: 'amd64', os.version: '10.0', java.version: '18.0.2.1'
Driver info: org.openqa.selenium.chrome.ChromeDriver
Command: [bbb24f524e4275de002e659db77d4e7b, findElement {using=xpath, value=//h2[text()='Java']/../..//div[@class="list-cards u-fancy-scrollbar u-clearfix js-list-cards js-sortable ui-sortable"]}]
Capabilities {acceptInsecureCerts: false, browserName: chrome, browserVersion: 112.0.5615.138, chrome: {chromedriverVersion: 112.0.5615.49 (bd2a7bcb881c..., userDataDir: C:\Users\AJAYBO~1\AppData\L...}, goog:chromeOptions: {debuggerAddress: localhost:57630}, networkConnectionEnabled: false, pageLoadStrategy: normal, platformName: WINDOWS, proxy: Proxy(), se:cdp: ws://localhost:57630/devtoo..., se:cdpVersion: 112.0.5615.138, setWindowRect: true, strictFileInteractability: false, timeouts: {implicit: 0, pageLoad: 300000, script: 30000}, unhandledPromptBehavior: dismiss and notify, webauthn:extension:credBlob: true, webauthn:extension:largeBlob: true, webauthn:extension:minPinLength: true, webauthn:extension:prf: true, webauthn:virtualAuthenticators: true}
Session ID: bbb24f524e4275de002e659db77d4e7b
at java.base/jdk.internal.reflect.DirectConstructorHandleAccessor.newInstance(DirectConstructorHandleAccessor.java:67)
at java.base/java.lang.reflect.Constructor.newInstanceWithCaller(Constructor.java:499)
at java.base/java.lang.reflect.Constructor.newInstance(Constructor.java:483)
at org.openqa.selenium.remote.codec.w3c.W3CHttpResponseCodec.createException(W3CHttpResponseCodec.java:200)
at org.openqa.selenium.remote.codec.w3c.W3CHttpResponseCodec.decode(W3CHttpResponseCodec.java:133)
at org.openqa.selenium.remote.codec.w3c.W3CHttpResponseCodec.decode(W3CHttpResponseCodec.java:53)
at org.openqa.selenium.remote.HttpCommandExecutor.execute(HttpCommandExecutor.java:193)
at org.openqa.selenium.remote.service.DriverCommandExecutor.invokeExecute(DriverCommandExecutor.java:183)
at org.openqa.selenium.remote.service.DriverCommandExecutor.execute(DriverCommandExecutor.java:158)
at org.openqa.selenium.remote.RemoteWebDriver.execute(RemoteWebDriver.java:543)
at org.openqa.selenium.remote.ElementLocation$ElementFinder$2.findElement(ElementLocation.java:162)
at org.openqa.selenium.remote.ElementLocation.findElement(ElementLocation.java:60)
at org.openqa.selenium.remote.RemoteWebDriver.findElement(RemoteWebDriver.java:352)
at org.openqa.selenium.remote.RemoteWebDriver.findElement(RemoteWebDriver.java:344)
at com.trello.qspiders.trelloendtoend.EndtoEndPractice.UserCreatedBoardPage(EndtoEndPractice.java:51)
at java.base/jdk.internal.reflect.DirectMethodHandleAccessor.invoke(DirectMethodHandleAccessor.java:104)
at java.base/java.lang.reflect.Method.invoke(Method.java:577)
at org.testng.internal.invokers.MethodInvocationHelper.invokeMethod(MethodInvocationHelper.java:139)
at org.testng.internal.invokers.TestInvoker.invokeMethod(TestInvoker.java:677)
at org.testng.internal.invokers.TestInvoker.invokeTestMethod(TestInvoker.java:221)
at org.testng.internal.invokers.MethodRunner.runInSequence(MethodRunner.java:50)
at org.testng.internal.invokers.TestInvoker$MethodInvocationAgent.invoke(TestInvoker.java:969)
at org.testng.internal.invokers.TestInvoker.invokeTestMethods(TestInvoker.java:194)
at org.testng.internal.invokers.TestMethodWorker.invokeTestMethods(TestMethodWorker.java:148)
at org.testng.internal.invokers.TestMethodWorker.run(TestMethodWorker.java:128)
at java.base/java.util.ArrayList.forEach(ArrayList.java:1511)
at org.testng.TestRunner.privateRun(TestRunner.java:829)
at org.testng.TestRunner.run(TestRunner.java:602)
at org.testng.SuiteRunner.runTest(SuiteRunner.java:437)
at org.testng.SuiteRunner.runSequentially(SuiteRunner.java:431)
at org.testng.SuiteRunner.privateRun(SuiteRunner.java:391)
at org.testng.SuiteRunner.run(SuiteRunner.java:330)
at org.testng.SuiteRunnerWorker.runSuite(SuiteRunnerWorker.java:52)
at org.testng.SuiteRunnerWorker.run(SuiteRunnerWorker.java:95)
at org.testng.TestNG.runSuitesSequentially(TestNG.java:1256)
at org.testng.TestNG.runSuitesLocally(TestNG.java:1176)
at org.testng.TestNG.runSuites(TestNG.java:1099)
at org.testng.TestNG.run(TestNG.java:1067)
at org.testng.remote.AbstractRemoteTestNG.run(AbstractRemoteTestNG.java:115)
at org.testng.remote.RemoteTestNG.initAndRun(RemoteTestNG.java:251)
at org.testng.remote.RemoteTestNG.main(RemoteTestNG.java:77)
]]>
            </full-stacktrace>
          </exception> <!-- org.openqa.selenium.NoSuchElementException -->
          <reporter-output>
          </reporter-output>
        </test-method> <!-- UserCreatedBoardPage -->
        <test-method is-config="true" signature="conformLogoutPage()[pri:0, instance:com.trello.qspiders.trelloendtoend.EndtoEndPractice@1bd4fdd]" started-at="2023-04-27T20:22:01 IST" name="conformLogoutPage" finished-at="2023-04-27T20:22:10 IST" duration-ms="8968" status="PASS">
          <reporter-output>
          </reporter-output>
        </test-method> <!-- conformLogoutPage -->
        <test-method is-config="true" signature="configAfterMethod()[pri:0, instance:com.trello.qspiders.trelloendtoend.EndtoEndPractice@1bd4fdd]" started-at="2023-04-27T20:22:10 IST" name="configAfterMethod" finished-at="2023-04-27T20:22:26 IST" duration-ms="15790" status="PASS">
          <reporter-output>
          </reporter-output>
        </test-method> <!-- configAfterMethod -->
      </class> <!-- com.trello.qspiders.trelloendtoend.EndtoEndPractice -->
    </test> <!-- Default test -->
  </suite> <!-- Default suite -->
</testng-results>
